<?xml version="1.0" encoding="UTF-8"?>
<!-- Generated by org.testng.reporters.JUnitReportReporter -->
<testsuite hostname="DSN" failures="0" tests="1" name="com.automatenow.extentreports.ExtentReportsDemo" time="0.954" errors="0" timestamp="2023-07-17T23:40:53 IST" skipped="0">
  <testcase classname="com.automatenow.extentreports.ExtentReportsDemo" name="test1" time="0.954"/>
</testsuite> <!-- com.automatenow.extentreports.ExtentReportsDemo -->
