<?xml version="1.0" encoding="UTF-8"?>
<!-- Generated by org.testng.reporters.JUnitReportReporter -->
<testsuite hostname="DSN" failures="0" tests="2" name="com.automatenow.tests.OrangeHRMTests" time="21.829" errors="0" timestamp="2023-07-29T20:59:04 IST" skipped="0">
  <testcase classname="com.automatenow.tests.OrangeHRMTests" name="loginLogoutTest" time="12.070"/>
  <testcase classname="com.automatenow.tests.OrangeHRMTests" name="newTest" time="9.759"/>
</testsuite> <!-- com.automatenow.tests.OrangeHRMTests -->
