<?xml version="1.0" encoding="UTF-8"?>
<!-- Generated by org.testng.reporters.JUnitReportReporter -->
<testsuite hostname="DSN" failures="0" tests="7" name="com.automatenow.misc.DataProviderTest" time="0.012" errors="0" timestamp="2023-06-29T01:05:31 IST" skipped="0">
  <testcase classname="com.automatenow.misc.DataProviderTest" name="test2" time="0.001"/>
  <testcase classname="com.automatenow.misc.DataProviderTest" name="test3" time="0.001"/>
  <testcase classname="com.automatenow.misc.DataProviderTest" name="test3" time="0.001"/>
  <testcase classname="com.automatenow.misc.DataProviderTest" name="test3" time="0.003"/>
  <testcase classname="com.automatenow.misc.DataProviderTest" name="test2" time="0.001"/>
  <testcase classname="com.automatenow.misc.DataProviderTest" name="test1" time="0.001"/>
  <testcase classname="com.automatenow.misc.DataProviderTest" name="test1" time="0.004"/>
</testsuite> <!-- com.automatenow.misc.DataProviderTest -->
