<?xml version="1.0" encoding="UTF-8"?>
<!-- Generated by org.testng.reporters.JUnitReportReporter -->
<testsuite hostname="DSN" failures="0" tests="3" name="com.automatenow.misc.DataProviderWithExcel" time="0.007" errors="0" timestamp="2023-06-29T02:16:55 IST" skipped="0">
  <testcase classname="com.automatenow.misc.DataProviderWithExcel" name="test1" time="0.000"/>
  <testcase classname="com.automatenow.misc.DataProviderWithExcel" name="test1" time="0.007"/>
  <testcase classname="com.automatenow.misc.DataProviderWithExcel" name="test1" time="0.000"/>
</testsuite> <!-- com.automatenow.misc.DataProviderWithExcel -->
