<?xml version="1.0" encoding="UTF-8"?>
<!-- Generated by org.testng.reporters.JUnitReportReporter -->
<testsuite hostname="DSN" failures="0" tests="1" name="com.automatenow.tests.HomePageTests" time="5.041" errors="0" timestamp="2023-06-20T01:39:20 IST" skipped="0">
  <testcase classname="com.automatenow.tests.HomePageTests" name="test3" time="5.041"/>
</testsuite> <!-- com.automatenow.tests.HomePageTests -->
