<?xml version="1.0" encoding="UTF-8"?>
<!-- Generated by org.testng.reporters.JUnitReportReporter -->
<testsuite hostname="DSN" failures="0" tests="2" name="com.automatenow.tests.OrangeHRMTests" time="29.946" errors="0" timestamp="2023-08-06T02:14:22 IST" skipped="0">
  <testcase classname="com.automatenow.tests.OrangeHRMTests" name="loginLogoutTest" time="13.836"/>
  <testcase classname="com.automatenow.tests.OrangeHRMTests" name="loginLogoutTest" time="16.110"/>
</testsuite> <!-- com.automatenow.tests.OrangeHRMTests -->
