<?xml version="1.0" encoding="UTF-8"?>
<!-- Generated by org.testng.reporters.JUnitReportReporter -->
<testsuite hostname="DSN" failures="0" tests="2" name="com.automatenow.tests.OrangeHRMTests" time="32.543" errors="0" timestamp="2023-07-18T00:40:39 IST" skipped="0">
  <testcase classname="com.automatenow.tests.OrangeHRMTests" name="loginLogoutTest" time="15.232"/>
  <testcase classname="com.automatenow.tests.OrangeHRMTests" name="loginLogoutTest" time="17.311"/>
</testsuite> <!-- com.automatenow.tests.OrangeHRMTests -->
