<?xml version="1.0" encoding="UTF-8"?>
<!-- Generated by org.testng.reporters.JUnitReportReporter -->
<testsuite hostname="DSN" failures="0" tests="1" name="com.automatenow.tests.OrangeHRMTests" time="9.359" errors="0" timestamp="2023-06-25T02:28:18 IST" skipped="0">
  <testcase classname="com.automatenow.tests.OrangeHRMTests" name="loginLogoutTest" time="9.359"/>
</testsuite> <!-- com.automatenow.tests.OrangeHRMTests -->
