<?xml version="1.0" encoding="UTF-8"?>
<!-- Generated by org.testng.reporters.JUnitReportReporter -->
<testsuite hostname="DSN" failures="0" tests="1" name="com.automatenow.tests.OrangeHRMTests" time="22.745" errors="0" timestamp="2023-06-23T00:06:59 IST" skipped="0">
  <testcase classname="com.automatenow.tests.OrangeHRMTests" name="loginLogoutTest" time="22.745"/>
</testsuite> <!-- com.automatenow.tests.OrangeHRMTests -->
