<?xml version="1.0" encoding="UTF-8"?>
<!-- Generated by org.testng.reporters.JUnitReportReporter -->
<testsuite hostname="DSN" failures="0" tests="2" name="com.automatenow.tests.LoginPageTests" time="7.518" errors="0" timestamp="2023-06-20T01:39:20 IST" skipped="0">
  <testcase classname="com.automatenow.tests.LoginPageTests" name="test1" time="3.773"/>
  <testcase classname="com.automatenow.tests.LoginPageTests" name="test2" time="3.745"/>
</testsuite> <!-- com.automatenow.tests.LoginPageTests -->
